<?xml version="1.0" encoding="UTF-8"?>
<!-- Generated by org.testng.reporters.JUnitXMLReporter -->
<testsuite hostname="UTIPPANAMBP18.local" failures="0" tests="3" name="LoginTest" time="8.03" errors="0" timestamp="3 May 2022 06:32:51 GMT">
  <testcase classname="com.tests.LoginTest" name="verifyLoginPageTitle" time="0.013"/>
  <testcase classname="com.tests.LoginTest" name="verifyLogin_AuthorizedUser" time="0.494"/>
  <testcase classname="com.tests.LoginTest" name="verifyLogin_UnAuthorizedUser" time="0.254"/>
</testsuite> <!-- LoginTest -->
